Using pre-set license
Built from '2022.3/staging' branch; Version is '2022.3.21f1 (bf09ca542b87) revision 12519882'; Using compiler version '192829333'; Build Type 'Release'
OS: 'Windows 10  (10.0.19045) 64bit Core' Language: 'tr' Physical Memory: 16332 MB
BatchMode: 1, IsHumanControllingUs: 0, StartBugReporterOnCrash: 0, Is64bit: 1, IsPro: 1

COMMAND LINE ARGUMENTS:
C:\Program Files\Unity\Hub\Editor\2022.3.21f1\Editor\Unity.exe
-adb2
-batchMode
-noUpm
-name
AssetImportWorker1
-projectPath
C:/Users/computer/Documents/UnityProjects/Top-Down-Shooter-Game
-logFile
Logs/AssetImportWorker1.log
-srvPort
55524
Successfully changed project path to: C:/Users/computer/Documents/UnityProjects/Top-Down-Shooter-Game
C:/Users/computer/Documents/UnityProjects/Top-Down-Shooter-Game
[UnityMemory] Configuration Parameters - Can be set up in boot.config
    "memorysetup-bucket-allocator-granularity=16"
    "memorysetup-bucket-allocator-bucket-count=8"
    "memorysetup-bucket-allocator-block-size=33554432"
    "memorysetup-bucket-allocator-block-count=8"
    "memorysetup-main-allocator-block-size=16777216"
    "memorysetup-thread-allocator-block-size=16777216"
    "memorysetup-gfx-main-allocator-block-size=16777216"
    "memorysetup-gfx-thread-allocator-block-size=16777216"
    "memorysetup-cache-allocator-block-size=4194304"
    "memorysetup-typetree-allocator-block-size=2097152"
    "memorysetup-profiler-bucket-allocator-granularity=16"
    "memorysetup-profiler-bucket-allocator-bucket-count=8"
    "memorysetup-profiler-bucket-allocator-block-size=33554432"
    "memorysetup-profiler-bucket-allocator-block-count=8"
    "memorysetup-profiler-allocator-block-size=16777216"
    "memorysetup-profiler-editor-allocator-block-size=1048576"
    "memorysetup-temp-allocator-size-main=16777216"
    "memorysetup-job-temp-allocator-block-size=2097152"
    "memorysetup-job-temp-allocator-block-size-background=1048576"
    "memorysetup-job-temp-allocator-reduction-small-platforms=262144"
    "memorysetup-allocator-temp-initial-block-size-main=262144"
    "memorysetup-allocator-temp-initial-block-size-worker=262144"
    "memorysetup-temp-allocator-size-background-worker=32768"
    "memorysetup-temp-allocator-size-job-worker=262144"
    "memorysetup-temp-allocator-size-preload-manager=33554432"
    "memorysetup-temp-allocator-size-nav-mesh-worker=65536"
    "memorysetup-temp-allocator-size-audio-worker=65536"
    "memorysetup-temp-allocator-size-cloud-worker=32768"
    "memorysetup-temp-allocator-size-gi-baking-worker=262144"
    "memorysetup-temp-allocator-size-gfx=262144"
Player connection [15940] Host "[IP] 192.168.1.104 [Port] 0 [Flags] 2 [Guid] 1653581169 [EditorId] 1653581169 [Version] 1048832 [Id] WindowsEditor(7,DESKTOP-5B8U4F2) [Debug] 1 [PackageName] WindowsEditor [ProjectName] Editor" joined multi-casting on [225.0.0.222:54997]...

Player connection [15940] Host "[IP] 192.168.1.104 [Port] 0 [Flags] 2 [Guid] 1653581169 [EditorId] 1653581169 [Version] 1048832 [Id] WindowsEditor(7,DESKTOP-5B8U4F2) [Debug] 1 [PackageName] WindowsEditor [ProjectName] Editor" joined alternative multi-casting on [225.0.0.222:34997]...

[Physics::Module] Initialized MultithreadedJobDispatcher with 11 workers.
Refreshing native plugins compatible for Editor in 5.45 ms, found 2 plugins.
Preloading 0 native plugins for Editor in 0.00 ms.
Initialize engine version: 2022.3.21f1 (bf09ca542b87)
[Subsystems] Discovering subsystems at path C:/Program Files/Unity/Hub/Editor/2022.3.21f1/Editor/Data/Resources/UnitySubsystems
[Subsystems] Discovering subsystems at path C:/Users/computer/Documents/UnityProjects/Top-Down-Shooter-Game/Assets
GfxDevice: creating device client; threaded=0; jobified=0
Direct3D:
    Version:  Direct3D 11.0 [level 11.1]
    Renderer: AMD Radeon RX 6600 (ID=0x73ff)
    Vendor:   ATI
    VRAM:     8147 MB
    Driver:   31.0.12027.9001
Initialize mono
Mono path[0] = 'C:/Program Files/Unity/Hub/Editor/2022.3.21f1/Editor/Data/Managed'
Mono path[1] = 'C:/Program Files/Unity/Hub/Editor/2022.3.21f1/Editor/Data/MonoBleedingEdge/lib/mono/unityjit-win32'
Mono config path = 'C:/Program Files/Unity/Hub/Editor/2022.3.21f1/Editor/Data/MonoBleedingEdge/etc'
Using monoOptions --debugger-agent=transport=dt_socket,embedding=1,server=y,suspend=n,address=127.0.0.1:56112
Begin MonoManager ReloadAssembly
Registering precompiled unity dll's ...
Register platform support module: C:/Program Files/Unity/Hub/Editor/2022.3.21f1/Editor/Data/PlaybackEngines/WebGLSupport/UnityEditor.WebGL.Extensions.dll
Register platform support module: C:/Program Files/Unity/Hub/Editor/2022.3.21f1/Editor/Data/PlaybackEngines/AndroidPlayer/UnityEditor.Android.Extensions.dll
Register platform support module: C:/Program Files/Unity/Hub/Editor/2022.3.21f1/Editor/Data/PlaybackEngines/WindowsStandaloneSupport/UnityEditor.WindowsStandalone.Extensions.dll
Registered in 0.011861 seconds.
- Loaded All Assemblies, in  0.361 seconds
Native extension for WindowsStandalone target not found
Native extension for Android target not found
Android Extension - Scanning For ADB Devices 242 ms
Native extension for WebGL target not found
Mono: successfully reloaded assembly
- Finished resetting the current domain, in  0.554 seconds
Domain Reload Profiling: 914ms
	BeginReloadAssembly (111ms)
		ExecutionOrderSort (0ms)
		DisableScriptedObjects (0ms)
		BackupInstance (0ms)
		ReleaseScriptingObjects (0ms)
		CreateAndSetChildDomain (1ms)
	RebuildCommonClasses (34ms)
	RebuildNativeTypeToScriptingClass (11ms)
	initialDomainReloadingComplete (57ms)
	LoadAllAssembliesAndSetupDomain (146ms)
		LoadAssemblies (108ms)
		RebuildTransferFunctionScriptingTraits (0ms)
		AnalyzeDomain (144ms)
			TypeCache.Refresh (142ms)
				TypeCache.ScanAssembly (127ms)
			ScanForSourceGeneratedMonoScriptInfo (0ms)
			ResolveRequiredComponents (1ms)
	FinalizeReload (554ms)
		ReleaseScriptCaches (0ms)
		RebuildScriptCaches (0ms)
		SetupLoadedEditorAssemblies (501ms)
			LogAssemblyErrors (0ms)
			InitializePlatformSupportModulesInManaged (344ms)
			SetLoadedEditorAssemblies (3ms)
			RefreshPlugins (0ms)
			BeforeProcessingInitializeOnLoad (2ms)
			ProcessInitializeOnLoadAttributes (112ms)
			ProcessInitializeOnLoadMethodAttributes (40ms)
			AfterProcessingInitializeOnLoad (0ms)
			EditorAssembliesLoaded (0ms)
		ExecutionOrderSort2 (0ms)
		AwakeInstancesAfterBackupRestoration (0ms)
========================================================================
Worker process is ready to serve import requests
Begin MonoManager ReloadAssembly
- Loaded All Assemblies, in  0.432 seconds
Refreshing native plugins compatible for Editor in 1.78 ms, found 2 plugins.
Native extension for WindowsStandalone target not found
Native extension for Android target not found
Native extension for WebGL target not found
Package Manager log level set to [2]
[Package Manager] Server::EnsureServerProcessIsRunning -- launch failed, reason: Unity was launched with the -noUpm command-line argument
[Package Manager] UpmClient::Send -- Unable to send message (not connected to UPM process).
[Package Manager] Cannot connect to Unity Package Manager local server
Mono: successfully reloaded assembly
- Finished resetting the current domain, in  0.485 seconds
Domain Reload Profiling: 915ms
	BeginReloadAssembly (130ms)
		ExecutionOrderSort (0ms)
		DisableScriptedObjects (5ms)
		BackupInstance (0ms)
		ReleaseScriptingObjects (0ms)
		CreateAndSetChildDomain (19ms)
	RebuildCommonClasses (32ms)
	RebuildNativeTypeToScriptingClass (11ms)
	initialDomainReloadingComplete (36ms)
	LoadAllAssembliesAndSetupDomain (221ms)
		LoadAssemblies (205ms)
		RebuildTransferFunctionScriptingTraits (0ms)
		AnalyzeDomain (89ms)
			TypeCache.Refresh (78ms)
				TypeCache.ScanAssembly (65ms)
			ScanForSourceGeneratedMonoScriptInfo (8ms)
			ResolveRequiredComponents (3ms)
	FinalizeReload (486ms)
		ReleaseScriptCaches (0ms)
		RebuildScriptCaches (0ms)
		SetupLoadedEditorAssemblies (346ms)
			LogAssemblyErrors (0ms)
			InitializePlatformSupportModulesInManaged (22ms)
			SetLoadedEditorAssemblies (2ms)
			RefreshPlugins (0ms)
			BeforeProcessingInitializeOnLoad (42ms)
			ProcessInitializeOnLoadAttributes (248ms)
			ProcessInitializeOnLoadMethodAttributes (24ms)
			AfterProcessingInitializeOnLoad (7ms)
			EditorAssembliesLoaded (0ms)
		ExecutionOrderSort2 (0ms)
		AwakeInstancesAfterBackupRestoration (5ms)
Launched and connected shader compiler UnityShaderCompiler.exe after 0.04 seconds
Refreshing native plugins compatible for Editor in 1.95 ms, found 2 plugins.
Preloading 0 native plugins for Editor in 0.00 ms.
Unloading 1720 Unused Serialized files (Serialized files now loaded: 0)
Unloading 41 unused Assets / (1.8 MB). Loaded Objects now: 2192.
Memory consumption went from 115.4 MB to 113.6 MB.
Total: 3.133500 ms (FindLiveObjects: 0.146700 ms CreateObjectMapping: 0.039200 ms MarkObjects: 2.391800 ms  DeleteObjects: 0.554900 ms)

AssetImportParameters requested are different than current active one (requested -> active):
  custom:video-decoder-webm-vp8: 9c59270c3fd7afecdb556c50c9e8de78 -> 
  custom:SearchIndexIgnoredProperties: e643bd26f0fe6173181afceb89e7c659 -> 
  custom:container-demuxer-ogg: 62fdf1f143b41e24485cea50d1cbac27 -> 
  custom:AudioImporter_EditorPlatform: d09bf68614088b80899f8185d706f6e7 -> 
  custom:video-decoder-ogg-theora: a1e56fd34408186e4bbccfd4996cb3dc -> 
  custom:framework-win-MediaFoundation: 216162199b28c13a410421893ffa2e32 -> 
  custom:video-encoder-webm-vp8: eb34c28f22e8b96e1ab97ce403110664 -> 
  custom:audio-decoder-ogg-vorbis: bf7c407c2cedff20999df2af8eb42d56 -> 
  custom:CustomObjectIndexerAttribute: 9a22284fe3817be447336de3de66b15e -> 
  custom:container-demuxer-webm: 4f35f7cbe854078d1ac9338744f61a02 -> 
  custom:audio-encoder-webm-vorbis: bf7c407c2cedff20999df2af8eb42d56 -> 
  custom:container-muxer-webm: aa71ff27fc2769a1b78a27578f13a17b -> 
========================================================================
Received Import Request.
  Time since last request: 118316.385552 seconds.
  path: Assets/MinimapTexture.renderTexture
  artifactKey: Guid(006eedb845dea26449ac49a815e7d3d2) Importer(2089858483,0ecaa5967403d082aa24f35e1b516d23)
Start importing Assets/MinimapTexture.renderTexture using Guid(006eedb845dea26449ac49a815e7d3d2) Importer(2089858483,0ecaa5967403d082aa24f35e1b516d23)  -> (artifact id: 'c25e19034c39c2e1d40a0f1fd88e5333') in 0.115869 seconds
Number of updated asset objects reloaded before import = 0
Number of asset objects unloaded after import = 1
========================================================================
Received Import Request.
  Time since last request: 0.000020 seconds.
  path: Assets/Prefabs/MachineGun.prefab
  artifactKey: Guid(42d784c1fbff60a4b8aafc7a748ded70) Importer(2089858483,0ecaa5967403d082aa24f35e1b516d23)
Start importing Assets/Prefabs/MachineGun.prefab using Guid(42d784c1fbff60a4b8aafc7a748ded70) Importer(2089858483,0ecaa5967403d082aa24f35e1b516d23)  -> (artifact id: '1d78316fa46d436356a02e0241a4e226') in 0.045488 seconds
Number of updated asset objects reloaded before import = 0
Number of asset objects unloaded after import = 42
========================================================================
Received Import Request.
  Time since last request: 0.000027 seconds.
  path: Assets/Materials/Walls.mat
  artifactKey: Guid(d800fa2527fc70846a5a5eb48ed6da68) Importer(2089858483,0ecaa5967403d082aa24f35e1b516d23)
Start importing Assets/Materials/Walls.mat using Guid(d800fa2527fc70846a5a5eb48ed6da68) Importer(2089858483,0ecaa5967403d082aa24f35e1b516d23)  -> (artifact id: 'a9d5b7ce5076fb17747474f2be7d8dfb') in 0.024633 seconds
Number of updated asset objects reloaded before import = 0
Number of asset objects unloaded after import = 1
========================================================================
Received Import Request.
  Time since last request: 0.000018 seconds.
  path: Assets/Images/Shield.png
  artifactKey: Guid(ef72da70b8d5ffc48a80c0afe8378949) Importer(2089858483,0ecaa5967403d082aa24f35e1b516d23)
Start importing Assets/Images/Shield.png using Guid(ef72da70b8d5ffc48a80c0afe8378949) Importer(2089858483,0ecaa5967403d082aa24f35e1b516d23)  -> (artifact id: '5cccd0608c53c0130dd426486db526c9') in 0.052360 seconds
Number of updated asset objects reloaded before import = 0
Number of asset objects unloaded after import = 3
========================================================================
Received Import Request.
  Time since last request: 0.000018 seconds.
  path: Assets/Prefabs/Enemy2.prefab
  artifactKey: Guid(9d6c3a2587fde5549a51b01a6c3b2108) Importer(2089858483,0ecaa5967403d082aa24f35e1b516d23)
Start importing Assets/Prefabs/Enemy2.prefab using Guid(9d6c3a2587fde5549a51b01a6c3b2108) Importer(2089858483,0ecaa5967403d082aa24f35e1b516d23)  -> (artifact id: 'cc4258de6ffb3155215ce53af54cc905') in 0.027751 seconds
Number of updated asset objects reloaded before import = 0
Number of asset objects unloaded after import = 61
========================================================================
Received Import Request.
  Time since last request: 0.000022 seconds.
  path: Assets/Scripts/EnemyStats.cs
  artifactKey: Guid(29562d43ad1831243bbf0859d575adf8) Importer(2089858483,0ecaa5967403d082aa24f35e1b516d23)
Start importing Assets/Scripts/EnemyStats.cs using Guid(29562d43ad1831243bbf0859d575adf8) Importer(2089858483,0ecaa5967403d082aa24f35e1b516d23)  -> (artifact id: 'e67ab14809049aaa0460b2b80dca808c') in 0.012287 seconds
Number of updated asset objects reloaded before import = 0
Number of asset objects unloaded after import = 1
========================================================================
Received Import Request.
  Time since last request: 0.000028 seconds.
  path: Assets/Prefabs/Enemy.prefab
  artifactKey: Guid(6e8639726bca8624eaf6003d7296f6b9) Importer(2089858483,0ecaa5967403d082aa24f35e1b516d23)
Start importing Assets/Prefabs/Enemy.prefab using Guid(6e8639726bca8624eaf6003d7296f6b9) Importer(2089858483,0ecaa5967403d082aa24f35e1b516d23)  -> (artifact id: 'c9d6756fe180ac64cd18979986b10095') in 0.022392 seconds
Number of updated asset objects reloaded before import = 0
Number of asset objects unloaded after import = 58
========================================================================
Received Import Request.
  Time since last request: 0.000018 seconds.
  path: Assets/Scripts/PlayerDeath.cs
  artifactKey: Guid(80f072de2ab8a1f428c40b15bb328b58) Importer(2089858483,0ecaa5967403d082aa24f35e1b516d23)
Start importing Assets/Scripts/PlayerDeath.cs using Guid(80f072de2ab8a1f428c40b15bb328b58) Importer(2089858483,0ecaa5967403d082aa24f35e1b516d23)  -> (artifact id: 'b88105d9d5316e54ae88ed357615b62e') in 0.012217 seconds
Number of updated asset objects reloaded before import = 0
Number of asset objects unloaded after import = 1
========================================================================
Received Import Request.
  Time since last request: 0.000037 seconds.
  path: Assets/Images/MachineGun-2.png
  artifactKey: Guid(ab2e0b5b193ca1f4e92ae39f027af722) Importer(2089858483,0ecaa5967403d082aa24f35e1b516d23)
Start importing Assets/Images/MachineGun-2.png using Guid(ab2e0b5b193ca1f4e92ae39f027af722) Importer(2089858483,0ecaa5967403d082aa24f35e1b516d23)  -> (artifact id: '8422d3f742f357203a49372470a6e977') in 0.021640 seconds
Number of updated asset objects reloaded before import = 0
Number of asset objects unloaded after import = 3
========================================================================
Received Import Request.
  Time since last request: 0.000017 seconds.
  path: Assets/Scripts/BossAsterisk.cs
  artifactKey: Guid(6179c008cba24a84ea2f69d0e92ebc5b) Importer(2089858483,0ecaa5967403d082aa24f35e1b516d23)
Start importing Assets/Scripts/BossAsterisk.cs using Guid(6179c008cba24a84ea2f69d0e92ebc5b) Importer(2089858483,0ecaa5967403d082aa24f35e1b516d23)  -> (artifact id: 'a413cf7b553d97c8b1645e290178342a') in 0.011508 seconds
Number of updated asset objects reloaded before import = 0
Number of asset objects unloaded after import = 1
========================================================================
Received Import Request.
  Time since last request: 0.000020 seconds.
  path: Assets/Images/freeze.png
  artifactKey: Guid(4c33e88bddc39314bb7a6990d8f93deb) Importer(2089858483,0ecaa5967403d082aa24f35e1b516d23)
Start importing Assets/Images/freeze.png using Guid(4c33e88bddc39314bb7a6990d8f93deb) Importer(2089858483,0ecaa5967403d082aa24f35e1b516d23)  -> (artifact id: '181d448bfbc44a686315bac98580ad8c') in 0.021115 seconds
Number of updated asset objects reloaded before import = 0
Number of asset objects unloaded after import = 3
========================================================================
Received Import Request.
  Time since last request: 0.000021 seconds.
  path: Assets/Scripts/BackgroundGeneration.cs
  artifactKey: Guid(06428ecdbb342734e9f903a854528bad) Importer(2089858483,0ecaa5967403d082aa24f35e1b516d23)
Start importing Assets/Scripts/BackgroundGeneration.cs using Guid(06428ecdbb342734e9f903a854528bad) Importer(2089858483,0ecaa5967403d082aa24f35e1b516d23)  -> (artifact id: 'eac1b6cd85d217e62e43bbe70ca252b8') in 0.012035 seconds
Number of updated asset objects reloaded before import = 0
Number of asset objects unloaded after import = 1
========================================================================
Received Import Request.
  Time since last request: 0.000026 seconds.
  path: Assets/Prefabs/Boss Death.prefab
  artifactKey: Guid(8d5172f87307d2c4a86ba92064244876) Importer(2089858483,0ecaa5967403d082aa24f35e1b516d23)
Start importing Assets/Prefabs/Boss Death.prefab using Guid(8d5172f87307d2c4a86ba92064244876) Importer(2089858483,0ecaa5967403d082aa24f35e1b516d23)  -> (artifact id: 'c59686d094e4f46c26f1cedadebaaaab') in 0.058731 seconds
Number of updated asset objects reloaded before import = 0
Number of asset objects unloaded after import = 7
========================================================================
Received Import Request.
  Time since last request: 0.000015 seconds.
  path: Assets/Images/Pistol.png
  artifactKey: Guid(4b47d333c6581224db9387a5a7c7eb5e) Importer(2089858483,0ecaa5967403d082aa24f35e1b516d23)
Start importing Assets/Images/Pistol.png using Guid(4b47d333c6581224db9387a5a7c7eb5e) Importer(2089858483,0ecaa5967403d082aa24f35e1b516d23)  -> (artifact id: 'd93804a0de432beff74233de80135b18') in 0.020362 seconds
Number of updated asset objects reloaded before import = 0
Number of asset objects unloaded after import = 3
========================================================================
Received Import Request.
  Time since last request: 0.000018 seconds.
  path: Assets/Images/Sniper.png
  artifactKey: Guid(9fdd14b2ca6ce754e854b6445c2891ce) Importer(2089858483,0ecaa5967403d082aa24f35e1b516d23)
Start importing Assets/Images/Sniper.png using Guid(9fdd14b2ca6ce754e854b6445c2891ce) Importer(2089858483,0ecaa5967403d082aa24f35e1b516d23)  -> (artifact id: 'e1e6cef11b4fc0bff5e681c9d711ea14') in 0.019982 seconds
Number of updated asset objects reloaded before import = 0
Number of asset objects unloaded after import = 3
========================================================================
Received Import Request.
  Time since last request: 0.000017 seconds.
  path: Assets/Images/Enemy2.png
  artifactKey: Guid(aceefd6e5c043d3409cdc36672c564f9) Importer(2089858483,0ecaa5967403d082aa24f35e1b516d23)
Start importing Assets/Images/Enemy2.png using Guid(aceefd6e5c043d3409cdc36672c564f9) Importer(2089858483,0ecaa5967403d082aa24f35e1b516d23)  -> (artifact id: 'e66121d21796880ed2141628f471c924') in 0.022126 seconds
Number of updated asset objects reloaded before import = 0
Number of asset objects unloaded after import = 3
========================================================================
Received Import Request.
  Time since last request: 0.000014 seconds.
  path: Assets/SpriteShaders/SpritesUnlit.shader
  artifactKey: Guid(ac2f92f6b286eea439e509d2343487ea) Importer(2089858483,0ecaa5967403d082aa24f35e1b516d23)
Start importing Assets/SpriteShaders/SpritesUnlit.shader using Guid(ac2f92f6b286eea439e509d2343487ea) Importer(2089858483,0ecaa5967403d082aa24f35e1b516d23)  -> (artifact id: 'c9466259e847f2174203f5f65d8771e2') in 0.017047 seconds
Number of updated asset objects reloaded before import = 0
Number of asset objects unloaded after import = 1
========================================================================
Received Import Request.
  Time since last request: 0.000022 seconds.
  path: Assets/SpriteShaders/CameraDepthNormalsTexture.shader
  artifactKey: Guid(1cfbdbe3187d4f24e89d140c3d0da7a9) Importer(2089858483,0ecaa5967403d082aa24f35e1b516d23)
Start importing Assets/SpriteShaders/CameraDepthNormalsTexture.shader using Guid(1cfbdbe3187d4f24e89d140c3d0da7a9) Importer(2089858483,0ecaa5967403d082aa24f35e1b516d23)  -> (artifact id: '3abc6c4c6283c0396862610673a47589') in 0.014739 seconds
Number of updated asset objects reloaded before import = 0
Number of asset objects unloaded after import = 1
========================================================================
Received Import Request.
  Time since last request: 0.000016 seconds.
  path: Assets/Scripts/Shooting.cs
  artifactKey: Guid(d553c4192de0a95449b28d131a5e2a55) Importer(2089858483,0ecaa5967403d082aa24f35e1b516d23)
Start importing Assets/Scripts/Shooting.cs using Guid(d553c4192de0a95449b28d131a5e2a55) Importer(2089858483,0ecaa5967403d082aa24f35e1b516d23)  -> (artifact id: '5cc9eec4e35c1dd221917f66d61a967c') in 0.011018 seconds
Number of updated asset objects reloaded before import = 0
Number of asset objects unloaded after import = 1
========================================================================
Received Import Request.
  Time since last request: 0.000019 seconds.
  path: Assets/Prefabs/Dun'/B.prefab
  artifactKey: Guid(2105902a5b9497f4f8e6debf227ac138) Importer(2089858483,0ecaa5967403d082aa24f35e1b516d23)
Start importing Assets/Prefabs/Dun'/B.prefab using Guid(2105902a5b9497f4f8e6debf227ac138) Importer(2089858483,0ecaa5967403d082aa24f35e1b516d23)  -> (artifact id: 'a16ded0146d6f409d9bd15b65cd2eede') in 0.031328 seconds
Number of updated asset objects reloaded before import = 0
Number of asset objects unloaded after import = 196
========================================================================
Received Import Request.
  Time since last request: 0.000029 seconds.
  path: Assets/Scripts/Trigger2.cs
  artifactKey: Guid(3bc829b24175def43ae7bdea3ee73793) Importer(2089858483,0ecaa5967403d082aa24f35e1b516d23)
Start importing Assets/Scripts/Trigger2.cs using Guid(3bc829b24175def43ae7bdea3ee73793) Importer(2089858483,0ecaa5967403d082aa24f35e1b516d23)  -> (artifact id: '3ecc4202fe29d191d307123196f6f6fb') in 0.010382 seconds
Number of updated asset objects reloaded before import = 0
Number of asset objects unloaded after import = 1
========================================================================
Received Import Request.
  Time since last request: 0.000038 seconds.
  path: Assets/Prefabs/Dun'/Closed Wall.prefab
  artifactKey: Guid(71addd1db0904154d960002486bf6a2b) Importer(2089858483,0ecaa5967403d082aa24f35e1b516d23)
Start importing Assets/Prefabs/Dun'/Closed Wall.prefab using Guid(71addd1db0904154d960002486bf6a2b) Importer(2089858483,0ecaa5967403d082aa24f35e1b516d23)  -> (artifact id: '8a97f340614f111107317f949f3c846d') in 0.016578 seconds
Number of updated asset objects reloaded before import = 0
Number of asset objects unloaded after import = 10
========================================================================
Received Import Request.
  Time since last request: 0.000018 seconds.
  path: Assets/Images/Wall.png
  artifactKey: Guid(74e93f717845e1e4dad5ffde888d91ed) Importer(2089858483,0ecaa5967403d082aa24f35e1b516d23)
Start importing Assets/Images/Wall.png using Guid(74e93f717845e1e4dad5ffde888d91ed) Importer(2089858483,0ecaa5967403d082aa24f35e1b516d23)  -> (artifact id: 'a2d2343f02b7014075f24bd58ea1eaae') in 0.023161 seconds
Number of updated asset objects reloaded before import = 0
Number of asset objects unloaded after import = 3
========================================================================
Received Import Request.
  Time since last request: 0.000018 seconds.
  path: Assets/Prefabs/Dun'/R.prefab
  artifactKey: Guid(5bfb28fdf883df24f9ccc648eb33f0bc) Importer(2089858483,0ecaa5967403d082aa24f35e1b516d23)
Start importing Assets/Prefabs/Dun'/R.prefab using Guid(5bfb28fdf883df24f9ccc648eb33f0bc) Importer(2089858483,0ecaa5967403d082aa24f35e1b516d23)  -> (artifact id: 'ab87177e8d4d7d2e1b522fb1482b84be') in 0.027095 seconds
Number of updated asset objects reloaded before import = 0
Number of asset objects unloaded after import = 196
========================================================================
Received Import Request.
  Time since last request: 0.000018 seconds.
  path: Assets/Scripts/EnemyMovement.cs
  artifactKey: Guid(b044f8562d9a71844ba93ac748f1c64e) Importer(2089858483,0ecaa5967403d082aa24f35e1b516d23)
Start importing Assets/Scripts/EnemyMovement.cs using Guid(b044f8562d9a71844ba93ac748f1c64e) Importer(2089858483,0ecaa5967403d082aa24f35e1b516d23)  -> (artifact id: '79ed348fa31e16f5cfe90c7bd637d428') in 0.011535 seconds
Number of updated asset objects reloaded before import = 0
Number of asset objects unloaded after import = 1
========================================================================
Received Import Request.
  Time since last request: 0.000016 seconds.
  path: Assets/Images/Enemy Bullet.png
  artifactKey: Guid(d466e93d7fb489f49b23e4e75b15cfbc) Importer(2089858483,0ecaa5967403d082aa24f35e1b516d23)
Start importing Assets/Images/Enemy Bullet.png using Guid(d466e93d7fb489f49b23e4e75b15cfbc) Importer(2089858483,0ecaa5967403d082aa24f35e1b516d23)  -> (artifact id: '4f4cbd1168032202edf7cf51dac0b21d') in 0.021127 seconds
Number of updated asset objects reloaded before import = 0
Number of asset objects unloaded after import = 3
========================================================================
Received Import Request.
  Time since last request: 0.000019 seconds.
  path: Assets/Scripts/AddRoom.cs
  artifactKey: Guid(038b2823d48737844b918d24f19474c1) Importer(2089858483,0ecaa5967403d082aa24f35e1b516d23)
Start importing Assets/Scripts/AddRoom.cs using Guid(038b2823d48737844b918d24f19474c1) Importer(2089858483,0ecaa5967403d082aa24f35e1b516d23)  -> (artifact id: '2a12bcf52065f66fcf892b6dba89c2f9') in 0.010468 seconds
Number of updated asset objects reloaded before import = 0
Number of asset objects unloaded after import = 1
========================================================================
Received Import Request.
  Time since last request: 0.000021 seconds.
  path: Assets/Scripts/DestroyGameObject.cs
  artifactKey: Guid(18cd79b6cd2b5324b9f8966d0cc88ef6) Importer(2089858483,0ecaa5967403d082aa24f35e1b516d23)
Start importing Assets/Scripts/DestroyGameObject.cs using Guid(18cd79b6cd2b5324b9f8966d0cc88ef6) Importer(2089858483,0ecaa5967403d082aa24f35e1b516d23)  -> (artifact id: 'ef7d7ccdd70acfc264138537edb1c2de') in 0.013008 seconds
Number of updated asset objects reloaded before import = 0
Number of asset objects unloaded after import = 1
========================================================================
Received Import Request.
  Time since last request: 0.000016 seconds.
  path: Assets/Scripts/ShieldPowerup.cs
  artifactKey: Guid(5d9b6e3a98a90204cb6dce417d1422a0) Importer(2089858483,0ecaa5967403d082aa24f35e1b516d23)
Start importing Assets/Scripts/ShieldPowerup.cs using Guid(5d9b6e3a98a90204cb6dce417d1422a0) Importer(2089858483,0ecaa5967403d082aa24f35e1b516d23)  -> (artifact id: 'f0642826ec3fd855c3a872313883e851') in 0.011017 seconds
Number of updated asset objects reloaded before import = 0
Number of asset objects unloaded after import = 1
========================================================================
Received Import Request.
  Time since last request: 0.000043 seconds.
  path: Assets/Scripts/BulletDestroy.cs
  artifactKey: Guid(d85314e54fe663f409a920b89843ce7f) Importer(2089858483,0ecaa5967403d082aa24f35e1b516d23)
Start importing Assets/Scripts/BulletDestroy.cs using Guid(d85314e54fe663f409a920b89843ce7f) Importer(2089858483,0ecaa5967403d082aa24f35e1b516d23)  -> (artifact id: '054a65ff1c81a87b92196ee17a5f2d52') in 0.012504 seconds
Number of updated asset objects reloaded before import = 0
Number of asset objects unloaded after import = 1
========================================================================
Received Import Request.
  Time since last request: 0.000023 seconds.
  path: Assets/Materials/Player.mat
  artifactKey: Guid(1599d48558b43c4408ce6df51c09d260) Importer(2089858483,0ecaa5967403d082aa24f35e1b516d23)
Start importing Assets/Materials/Player.mat using Guid(1599d48558b43c4408ce6df51c09d260) Importer(2089858483,0ecaa5967403d082aa24f35e1b516d23)  -> (artifact id: 'a2cf78aa1f9b0bcbaee48e03c6367d90') in 0.012632 seconds
Number of updated asset objects reloaded before import = 0
Number of asset objects unloaded after import = 1
========================================================================
Received Import Request.
  Time since last request: 0.000017 seconds.
  path: Assets/Scripts/FreezePowerup.cs
  artifactKey: Guid(eb37dab1d658b6b40abf677a14fce770) Importer(2089858483,0ecaa5967403d082aa24f35e1b516d23)
Start importing Assets/Scripts/FreezePowerup.cs using Guid(eb37dab1d658b6b40abf677a14fce770) Importer(2089858483,0ecaa5967403d082aa24f35e1b516d23)  -> (artifact id: 'f42f2cf42d4c58036f00cd13144df704') in 0.012001 seconds
Number of updated asset objects reloaded before import = 0
Number of asset objects unloaded after import = 1
========================================================================
Received Import Request.
  Time since last request: 0.000019 seconds.
  path: Assets/Materials/Trails.mat
  artifactKey: Guid(a16ca7153b5d3294b9c0d95d0c0ea21b) Importer(2089858483,0ecaa5967403d082aa24f35e1b516d23)
Start importing Assets/Materials/Trails.mat using Guid(a16ca7153b5d3294b9c0d95d0c0ea21b) Importer(2089858483,0ecaa5967403d082aa24f35e1b516d23)  -> (artifact id: 'a21c86250236e2f8ae7249cf79b67af4') in 0.017551 seconds
Number of updated asset objects reloaded before import = 0
Number of asset objects unloaded after import = 1
========================================================================
Received Import Request.
  Time since last request: 0.000018 seconds.
  path: Assets/Scripts/HealthBar.cs
  artifactKey: Guid(20e07f4a776740444bf86ac90bdb3bbc) Importer(2089858483,0ecaa5967403d082aa24f35e1b516d23)
Start importing Assets/Scripts/HealthBar.cs using Guid(20e07f4a776740444bf86ac90bdb3bbc) Importer(2089858483,0ecaa5967403d082aa24f35e1b516d23)  -> (artifact id: '95b6aa5e321a2f456542e4312d29dfc0') in 0.012959 seconds
Number of updated asset objects reloaded before import = 0
Number of asset objects unloaded after import = 1
========================================================================
Received Import Request.
  Time since last request: 0.000023 seconds.
  path: Assets/Materials/Bullet.mat
  artifactKey: Guid(6483741c3f2e8dd4a910de6d9b68b15c) Importer(2089858483,0ecaa5967403d082aa24f35e1b516d23)
Start importing Assets/Materials/Bullet.mat using Guid(6483741c3f2e8dd4a910de6d9b68b15c) Importer(2089858483,0ecaa5967403d082aa24f35e1b516d23)  -> (artifact id: 'b5ffb05eb520f9c479a5aadd9fd0e477') in 0.012197 seconds
Number of updated asset objects reloaded before import = 0
Number of asset objects unloaded after import = 1
========================================================================
Received Import Request.
  Time since last request: 0.000028 seconds.
  path: Assets/Images/ShieldEffect.png
  artifactKey: Guid(f7f25303fe336e7408c4ebaca4b9eba1) Importer(2089858483,0ecaa5967403d082aa24f35e1b516d23)
Start importing Assets/Images/ShieldEffect.png using Guid(f7f25303fe336e7408c4ebaca4b9eba1) Importer(2089858483,0ecaa5967403d082aa24f35e1b516d23)  -> (artifact id: 'ea425ef7d98bc8ce0c7a485a0ee5b5be') in 0.021792 seconds
Number of updated asset objects reloaded before import = 0
Number of asset objects unloaded after import = 3
========================================================================
Received Import Request.
  Time since last request: 0.000016 seconds.
  path: Assets/Images/Machine-Gun.png
  artifactKey: Guid(134541c42a1fc4a4ea068ef45ead8e81) Importer(2089858483,0ecaa5967403d082aa24f35e1b516d23)
Start importing Assets/Images/Machine-Gun.png using Guid(134541c42a1fc4a4ea068ef45ead8e81) Importer(2089858483,0ecaa5967403d082aa24f35e1b516d23)  -> (artifact id: '513bb6e75c4ab02b61fd83f5a55f3c7d') in 0.023599 seconds
Number of updated asset objects reloaded before import = 0
Number of asset objects unloaded after import = 3
========================================================================
Received Import Request.
  Time since last request: 0.000019 seconds.
  path: Assets/SpriteShaders/CameraNormalsTexture.shader
  artifactKey: Guid(88c59eac849c5454e8686106e4fb0d52) Importer(2089858483,0ecaa5967403d082aa24f35e1b516d23)
Start importing Assets/SpriteShaders/CameraNormalsTexture.shader using Guid(88c59eac849c5454e8686106e4fb0d52) Importer(2089858483,0ecaa5967403d082aa24f35e1b516d23)  -> (artifact id: '1a37b0c599adb150aefccee19476bc12') in 0.012055 seconds
Number of updated asset objects reloaded before import = 0
Number of asset objects unloaded after import = 1
========================================================================
Received Import Request.
  Time since last request: 0.000033 seconds.
  path: Assets/Materials/Background.mat
  artifactKey: Guid(ecc6183ba2798724283cf1afff9e7177) Importer(2089858483,0ecaa5967403d082aa24f35e1b516d23)
Start importing Assets/Materials/Background.mat using Guid(ecc6183ba2798724283cf1afff9e7177) Importer(2089858483,0ecaa5967403d082aa24f35e1b516d23)  -> (artifact id: 'a337e54a0a431d8985dc08f22a5d41cd') in 0.027476 seconds
Number of updated asset objects reloaded before import = 0
Number of asset objects unloaded after import = 1
========================================================================
Received Import Request.
  Time since last request: 0.000013 seconds.
  path: Assets/Prefabs/Player.prefab
  artifactKey: Guid(fb8b83a9b0f9d5e4c82ddfa84e14a288) Importer(2089858483,0ecaa5967403d082aa24f35e1b516d23)
Start importing Assets/Prefabs/Player.prefab using Guid(fb8b83a9b0f9d5e4c82ddfa84e14a288) Importer(2089858483,0ecaa5967403d082aa24f35e1b516d23)  -> (artifact id: 'ba4acff0014621e5d2eebe9ef885e76a') in 0.021505 seconds
Number of updated asset objects reloaded before import = 0
Number of asset objects unloaded after import = 37
========================================================================
Received Import Request.
  Time since last request: 0.000015 seconds.
  path: Assets/Scripts/EnemySpawnScript.cs
  artifactKey: Guid(3797ec283052b7b4cb2174e2dc5d1bc1) Importer(2089858483,0ecaa5967403d082aa24f35e1b516d23)
Start importing Assets/Scripts/EnemySpawnScript.cs using Guid(3797ec283052b7b4cb2174e2dc5d1bc1) Importer(2089858483,0ecaa5967403d082aa24f35e1b516d23)  -> (artifact id: 'b7218d6264f966dc008d114b75457ac2') in 0.010046 seconds
Number of updated asset objects reloaded before import = 0
Number of asset objects unloaded after import = 1
========================================================================
Received Import Request.
  Time since last request: 0.000019 seconds.
  path: Assets/Images/Sniper-2.png
  artifactKey: Guid(a7705bc0c11002145bd4de3991dd981d) Importer(2089858483,0ecaa5967403d082aa24f35e1b516d23)
Start importing Assets/Images/Sniper-2.png using Guid(a7705bc0c11002145bd4de3991dd981d) Importer(2089858483,0ecaa5967403d082aa24f35e1b516d23)  -> (artifact id: 'ec17db59680e20fc95fb545f4234b97d') in 0.018372 seconds
Number of updated asset objects reloaded before import = 0
Number of asset objects unloaded after import = 3
========================================================================
Received Import Request.
  Time since last request: 0.000014 seconds.
  path: Assets/Materials/Enemy.mat
  artifactKey: Guid(5adb6571695f08a45b7a3446965ce04b) Importer(2089858483,0ecaa5967403d082aa24f35e1b516d23)
Start importing Assets/Materials/Enemy.mat using Guid(5adb6571695f08a45b7a3446965ce04b) Importer(2089858483,0ecaa5967403d082aa24f35e1b516d23)  -> (artifact id: 'efeb73dabbf4136414744dac76b10aab') in 0.011837 seconds
Number of updated asset objects reloaded before import = 0
Number of asset objects unloaded after import = 1
========================================================================
Received Import Request.
  Time since last request: 0.000016 seconds.
  path: Assets/Prefabs/Grenade-Drop.prefab
  artifactKey: Guid(79d1f8ba25b15d04393993ecc12e8dbe) Importer(2089858483,0ecaa5967403d082aa24f35e1b516d23)
Start importing Assets/Prefabs/Grenade-Drop.prefab using Guid(79d1f8ba25b15d04393993ecc12e8dbe) Importer(2089858483,0ecaa5967403d082aa24f35e1b516d23)  -> (artifact id: '3a1c66881afaa4620dcf15baf70661b7') in 0.019817 seconds
Number of updated asset objects reloaded before import = 0
Number of asset objects unloaded after import = 9
========================================================================
Received Import Request.
  Time since last request: 0.000025 seconds.
  path: Assets/Prefabs/Pistol.prefab
  artifactKey: Guid(69d7023dbd66091498990c5382d883a7) Importer(2089858483,0ecaa5967403d082aa24f35e1b516d23)
Start importing Assets/Prefabs/Pistol.prefab using Guid(69d7023dbd66091498990c5382d883a7) Importer(2089858483,0ecaa5967403d082aa24f35e1b516d23)  -> (artifact id: '6551c3a1b3ef2b767b3e47266b68c9b0') in 0.021248 seconds
Number of updated asset objects reloaded before import = 0
Number of asset objects unloaded after import = 42
========================================================================
Received Import Request.
  Time since last request: 0.000022 seconds.
  path: Assets/Scripts/LifePowerup.cs
  artifactKey: Guid(47bb77bba3a8b394b9a184e1b824ba4d) Importer(2089858483,0ecaa5967403d082aa24f35e1b516d23)
Start importing Assets/Scripts/LifePowerup.cs using Guid(47bb77bba3a8b394b9a184e1b824ba4d) Importer(2089858483,0ecaa5967403d082aa24f35e1b516d23)  -> (artifact id: 'acc261ac2bb0cbefab5a67aea89f18c1') in 0.012056 seconds
Number of updated asset objects reloaded before import = 0
Number of asset objects unloaded after import = 1
========================================================================
Received Import Request.
  Time since last request: 0.000018 seconds.
  path: Assets/Images/Star.png
  artifactKey: Guid(c52d1096941e594499dacd48bf11594f) Importer(2089858483,0ecaa5967403d082aa24f35e1b516d23)
Start importing Assets/Images/Star.png using Guid(c52d1096941e594499dacd48bf11594f) Importer(2089858483,0ecaa5967403d082aa24f35e1b516d23)  -> (artifact id: 'a975afd919384ae7729625603a425eaa') in 0.029650 seconds
Number of updated asset objects reloaded before import = 0
Number of asset objects unloaded after import = 3
========================================================================
Received Import Request.
  Time since last request: 0.000033 seconds.
  path: Assets/Prefabs/Dun'/L.prefab
  artifactKey: Guid(8a1fe1e76eaa4da42ab7a95609601343) Importer(2089858483,0ecaa5967403d082aa24f35e1b516d23)
Start importing Assets/Prefabs/Dun'/L.prefab using Guid(8a1fe1e76eaa4da42ab7a95609601343) Importer(2089858483,0ecaa5967403d082aa24f35e1b516d23)  -> (artifact id: '31614e066e084b00955ab4a32275fb3a') in 0.030246 seconds
Number of updated asset objects reloaded before import = 0
Number of asset objects unloaded after import = 196
========================================================================
Received Import Request.
  Time since last request: 0.000018 seconds.
  path: Assets/Images/Coin.png
  artifactKey: Guid(284b8b19d11190f408dfc43622e8dcf6) Importer(2089858483,0ecaa5967403d082aa24f35e1b516d23)
Start importing Assets/Images/Coin.png using Guid(284b8b19d11190f408dfc43622e8dcf6) Importer(2089858483,0ecaa5967403d082aa24f35e1b516d23)  -> (artifact id: '6ba093692203a4046304870efb8e7a21') in 0.021617 seconds
Number of updated asset objects reloaded before import = 0
Number of asset objects unloaded after import = 3
========================================================================
Received Import Request.
  Time since last request: 0.000021 seconds.
  path: Assets/Images/Heart.png
  artifactKey: Guid(d759e35437449264bb00eb64e1685023) Importer(2089858483,0ecaa5967403d082aa24f35e1b516d23)
Start importing Assets/Images/Heart.png using Guid(d759e35437449264bb00eb64e1685023) Importer(2089858483,0ecaa5967403d082aa24f35e1b516d23)  -> (artifact id: 'bb8e444d6726ea7282849cb67a3da8d9') in 0.033228 seconds
Number of updated asset objects reloaded before import = 0
Number of asset objects unloaded after import = 3
========================================================================
Received Import Request.
  Time since last request: 0.000015 seconds.
  path: Assets/Scripts/PlayerFollow.cs
  artifactKey: Guid(3f1b7fcc3bc5e184c921acce60941b78) Importer(2089858483,0ecaa5967403d082aa24f35e1b516d23)
Start importing Assets/Scripts/PlayerFollow.cs using Guid(3f1b7fcc3bc5e184c921acce60941b78) Importer(2089858483,0ecaa5967403d082aa24f35e1b516d23)  -> (artifact id: '0a91fdd7635b2c7acf789a668b06ca5b') in 0.010969 seconds
Number of updated asset objects reloaded before import = 0
Number of asset objects unloaded after import = 1
========================================================================
Received Import Request.
  Time since last request: 0.000034 seconds.
  path: Assets/Images/Boss.png
  artifactKey: Guid(d767efcf2aec63549a0cf89a0d9ae519) Importer(2089858483,0ecaa5967403d082aa24f35e1b516d23)
Start importing Assets/Images/Boss.png using Guid(d767efcf2aec63549a0cf89a0d9ae519) Importer(2089858483,0ecaa5967403d082aa24f35e1b516d23)  -> (artifact id: '5ccc84b5d93fdcec422f2ebc923536d6') in 0.019948 seconds
Number of updated asset objects reloaded before import = 0
Number of asset objects unloaded after import = 3
========================================================================
Received Import Request.
  Time since last request: 0.000015 seconds.
  path: Assets/Prefabs/Life.prefab
  artifactKey: Guid(f6255450b1bfee346848072ae54cb31d) Importer(2089858483,0ecaa5967403d082aa24f35e1b516d23)
Start importing Assets/Prefabs/Life.prefab using Guid(f6255450b1bfee346848072ae54cb31d) Importer(2089858483,0ecaa5967403d082aa24f35e1b516d23)  -> (artifact id: '1a00fb26a7ee969bb4ebe0e557fd1f88') in 0.014382 seconds
Number of updated asset objects reloaded before import = 0
Number of asset objects unloaded after import = 17
========================================================================
Received Import Request.
  Time since last request: 0.000015 seconds.
  path: Assets/Scripts/Health.cs
  artifactKey: Guid(9d1976005117dba4dbc6ebfb36ba28e7) Importer(2089858483,0ecaa5967403d082aa24f35e1b516d23)
Start importing Assets/Scripts/Health.cs using Guid(9d1976005117dba4dbc6ebfb36ba28e7) Importer(2089858483,0ecaa5967403d082aa24f35e1b516d23)  -> (artifact id: '52d7b5e79fc3d185f09d61884be3c669') in 0.010042 seconds
Number of updated asset objects reloaded before import = 0
Number of asset objects unloaded after import = 1
========================================================================
Received Import Request.
  Time since last request: 0.000021 seconds.
  path: Assets/Materials/Guns.mat
  artifactKey: Guid(184c3ef6dae687e4388d8ccb6df39431) Importer(2089858483,0ecaa5967403d082aa24f35e1b516d23)
Start importing Assets/Materials/Guns.mat using Guid(184c3ef6dae687e4388d8ccb6df39431) Importer(2089858483,0ecaa5967403d082aa24f35e1b516d23)  -> (artifact id: '09d965a7c5e3696e77ade6fe12ad03e3') in 0.011069 seconds
Number of updated asset objects reloaded before import = 0
Number of asset objects unloaded after import = 1
========================================================================
Received Import Request.
  Time since last request: 0.000016 seconds.
  path: Assets/Scripts/MainMenu.cs
  artifactKey: Guid(e8fb59d74fe5f7d49bed7ae6db78aace) Importer(2089858483,0ecaa5967403d082aa24f35e1b516d23)
Start importing Assets/Scripts/MainMenu.cs using Guid(e8fb59d74fe5f7d49bed7ae6db78aace) Importer(2089858483,0ecaa5967403d082aa24f35e1b516d23)  -> (artifact id: 'de43328e495b6bd6a83c362e1478f5c1') in 0.009964 seconds
Number of updated asset objects reloaded before import = 0
Number of asset objects unloaded after import = 1
========================================================================
Received Import Request.
  Time since last request: 0.000019 seconds.
  path: Assets/Scripts/HighscoreManager.cs
  artifactKey: Guid(1f0dc87131d378a49870561e014090a4) Importer(2089858483,0ecaa5967403d082aa24f35e1b516d23)
Start importing Assets/Scripts/HighscoreManager.cs using Guid(1f0dc87131d378a49870561e014090a4) Importer(2089858483,0ecaa5967403d082aa24f35e1b516d23)  -> (artifact id: '9c80676508759716d9142c0e49c6974c') in 0.011393 seconds
Number of updated asset objects reloaded before import = 0
Number of asset objects unloaded after import = 1
========================================================================
Received Import Request.
  Time since last request: 0.000097 seconds.
  path: Assets/TextMesh Pro/Fonts/LiberationSans - OFL.txt
  artifactKey: Guid(6e59c59b81ab47f9b6ec5781fa725d2c) Importer(2089858483,0ecaa5967403d082aa24f35e1b516d23)
Start importing Assets/TextMesh Pro/Fonts/LiberationSans - OFL.txt using Guid(6e59c59b81ab47f9b6ec5781fa725d2c) Importer(2089858483,0ecaa5967403d082aa24f35e1b516d23)  -> (artifact id: 'ee7890cab3834a3dd658396d833e6893') in 0.014000 seconds
Number of updated asset objects reloaded before import = 0
Number of asset objects unloaded after import = 1
========================================================================
Received Import Request.
  Time since last request: 0.000019 seconds.
  path: Assets/TextMesh Pro/Resources/LineBreaking Leading Characters.txt
  artifactKey: Guid(d82c1b31c7e74239bff1220585707d2b) Importer(2089858483,0ecaa5967403d082aa24f35e1b516d23)
Start importing Assets/TextMesh Pro/Resources/LineBreaking Leading Characters.txt using Guid(d82c1b31c7e74239bff1220585707d2b) Importer(2089858483,0ecaa5967403d082aa24f35e1b516d23)  -> (artifact id: '01b796d9142c2a46edd3dc183d93e692') in 0.010955 seconds
Number of updated asset objects reloaded before import = 0
Number of asset objects unloaded after import = 1
========================================================================
Received Import Request.
  Time since last request: 0.000023 seconds.
  path: Assets/TextMesh Pro/Sprites/EmojiOne.json
  artifactKey: Guid(8f05276190cf498a8153f6cbe761d4e6) Importer(2089858483,0ecaa5967403d082aa24f35e1b516d23)
Start importing Assets/TextMesh Pro/Sprites/EmojiOne.json using Guid(8f05276190cf498a8153f6cbe761d4e6) Importer(2089858483,0ecaa5967403d082aa24f35e1b516d23)  -> (artifact id: '06356e6543c627d9a26e9a769df94a74') in 0.016218 seconds
Number of updated asset objects reloaded before import = 0
Number of asset objects unloaded after import = 1
========================================================================
Received Import Request.
  Time since last request: 0.000030 seconds.
  path: Assets/TextMesh Pro/Resources/Shaders/TMPro.cginc
  artifactKey: Guid(407bc68d299748449bbf7f48ee690f8d) Importer(2089858483,0ecaa5967403d082aa24f35e1b516d23)
Start importing Assets/TextMesh Pro/Resources/Shaders/TMPro.cginc using Guid(407bc68d299748449bbf7f48ee690f8d) Importer(2089858483,0ecaa5967403d082aa24f35e1b516d23)  -> (artifact id: 'e757e7c1673abaa01f3f673736a2b290') in 0.014323 seconds
Number of updated asset objects reloaded before import = 0
Number of asset objects unloaded after import = 1
========================================================================
Received Import Request.
  Time since last request: 0.000015 seconds.
  path: Assets/TextMesh Pro/Resources/Shaders/TMP_SDF-Mobile Overlay.shader
  artifactKey: Guid(a02a7d8c237544f1962732b55a9aebf1) Importer(2089858483,0ecaa5967403d082aa24f35e1b516d23)
Start importing Assets/TextMesh Pro/Resources/Shaders/TMP_SDF-Mobile Overlay.shader using Guid(a02a7d8c237544f1962732b55a9aebf1) Importer(2089858483,0ecaa5967403d082aa24f35e1b516d23)  -> (artifact id: '8ba90fa56f73b280186dbbb0b25c21c7') in 0.012120 seconds
Number of updated asset objects reloaded before import = 0
Number of asset objects unloaded after import = 1
========================================================================
Received Import Request.
  Time since last request: 0.000019 seconds.
  path: Assets/Scenes/SampleScene_Profiles/PostProcessing Profile.asset
  artifactKey: Guid(1ec609ccf0e0d0d4b966cbe814d0fcaa) Importer(2089858483,0ecaa5967403d082aa24f35e1b516d23)
Start importing Assets/Scenes/SampleScene_Profiles/PostProcessing Profile.asset using Guid(1ec609ccf0e0d0d4b966cbe814d0fcaa) Importer(2089858483,0ecaa5967403d082aa24f35e1b516d23)  -> (artifact id: 'b979e31e9193697a12df8f1d44503926') in 0.024588 seconds
Number of updated asset objects reloaded before import = 0
Number of asset objects unloaded after import = 3
========================================================================
Received Import Request.
  Time since last request: 0.000018 seconds.
  path: Assets/TextMesh Pro/Resources/Shaders/TMP_Bitmap-Custom-Atlas.shader
  artifactKey: Guid(48bb5f55d8670e349b6e614913f9d910) Importer(2089858483,0ecaa5967403d082aa24f35e1b516d23)
Start importing Assets/TextMesh Pro/Resources/Shaders/TMP_Bitmap-Custom-Atlas.shader using Guid(48bb5f55d8670e349b6e614913f9d910) Importer(2089858483,0ecaa5967403d082aa24f35e1b516d23)  -> (artifact id: 'e4f13f9a83f0b2784a052255d79aee06') in 0.011796 seconds
Number of updated asset objects reloaded before import = 0
Number of asset objects unloaded after import = 1
========================================================================
Received Import Request.
  Time since last request: 0.000013 seconds.
  path: Assets/Scripts/Weapons/GrenadeDrop.cs
  artifactKey: Guid(ec4370f6f8ea7dc40bd34566919ddf88) Importer(2089858483,0ecaa5967403d082aa24f35e1b516d23)
Start importing Assets/Scripts/Weapons/GrenadeDrop.cs using Guid(ec4370f6f8ea7dc40bd34566919ddf88) Importer(2089858483,0ecaa5967403d082aa24f35e1b516d23)  -> (artifact id: '748960829cc8c86678a4c674202d1514') in 0.012086 seconds
Number of updated asset objects reloaded before import = 0
Number of asset objects unloaded after import = 1
========================================================================
Received Import Request.
  Time since last request: 0.000022 seconds.
  path: Assets/Scripts/Weapons/Sniper2.cs
  artifactKey: Guid(37daf6693193bf94cb8135590fada94e) Importer(2089858483,0ecaa5967403d082aa24f35e1b516d23)
Start importing Assets/Scripts/Weapons/Sniper2.cs using Guid(37daf6693193bf94cb8135590fada94e) Importer(2089858483,0ecaa5967403d082aa24f35e1b516d23)  -> (artifact id: 'ecffc55e983d7886ee5f9439b05b435e') in 0.012196 seconds
Number of updated asset objects reloaded before import = 0
Number of asset objects unloaded after import = 1
========================================================================
Received Import Request.
  Time since last request: 0.000015 seconds.
  path: Assets/SpriteShaders/CGIncludes/SpritePixelLighting.cginc
  artifactKey: Guid(95eeecf6b705ec94c8723ff5a4ca70d4) Importer(2089858483,0ecaa5967403d082aa24f35e1b516d23)
Start importing Assets/SpriteShaders/CGIncludes/SpritePixelLighting.cginc using Guid(95eeecf6b705ec94c8723ff5a4ca70d4) Importer(2089858483,0ecaa5967403d082aa24f35e1b516d23)  -> (artifact id: '6902cece1e88b2598ccacdc3af9805ce') in 0.015144 seconds
Number of updated asset objects reloaded before import = 0
Number of asset objects unloaded after import = 1
========================================================================
Received Import Request.
  Time since last request: 0.000019 seconds.
  path: Assets/TextMesh Pro/Documentation/TextMesh Pro User Guide 2016.pdf
  artifactKey: Guid(1b8d251f9af63b746bf2f7ffe00ebb9b) Importer(2089858483,0ecaa5967403d082aa24f35e1b516d23)
Start importing Assets/TextMesh Pro/Documentation/TextMesh Pro User Guide 2016.pdf using Guid(1b8d251f9af63b746bf2f7ffe00ebb9b) Importer(2089858483,0ecaa5967403d082aa24f35e1b516d23)  -> (artifact id: '26a79603cc6937c0781b0c57281b3700') in 0.009274 seconds
Number of updated asset objects reloaded before import = 0
Number of asset objects unloaded after import = 1
========================================================================
Received Import Request.
  Time since last request: 0.000016 seconds.
  path: Assets/TextMesh Pro/Resources/Shaders/TMP_Sprite.shader
  artifactKey: Guid(cf81c85f95fe47e1a27f6ae460cf182c) Importer(2089858483,0ecaa5967403d082aa24f35e1b516d23)
Start importing Assets/TextMesh Pro/Resources/Shaders/TMP_Sprite.shader using Guid(cf81c85f95fe47e1a27f6ae460cf182c) Importer(2089858483,0ecaa5967403d082aa24f35e1b516d23)  -> (artifact id: '4bdf5dc91354b3ef9996b119535c89f9') in 0.013562 seconds
Number of updated asset objects reloaded before import = 0
Number of asset objects unloaded after import = 1
========================================================================
Received Import Request.
  Time since last request: 0.000020 seconds.
  path: Assets/TextMesh Pro/Resources/Shaders/TMP_SDF-Mobile Masking.shader
  artifactKey: Guid(bc1ede39bf3643ee8e493720e4259791) Importer(2089858483,0ecaa5967403d082aa24f35e1b516d23)
Start importing Assets/TextMesh Pro/Resources/Shaders/TMP_SDF-Mobile Masking.shader using Guid(bc1ede39bf3643ee8e493720e4259791) Importer(2089858483,0ecaa5967403d082aa24f35e1b516d23)  -> (artifact id: 'a86d70883c071fff0b0bf0c4cbc64f9e') in 0.023518 seconds
Number of updated asset objects reloaded before import = 0
Number of asset objects unloaded after import = 1
========================================================================
Received Import Request.
  Time since last request: 0.000022 seconds.
  path: Assets/TextMesh Pro/Resources/Fonts & Materials/LiberationSans SDF - Outline.mat
  artifactKey: Guid(79459efec17a4d00a321bdcc27bbc385) Importer(2089858483,0ecaa5967403d082aa24f35e1b516d23)
Start importing Assets/TextMesh Pro/Resources/Fonts & Materials/LiberationSans SDF - Outline.mat using Guid(79459efec17a4d00a321bdcc27bbc385) Importer(2089858483,0ecaa5967403d082aa24f35e1b516d23)  -> (artifact id: '5972ae604088a7bc1994d38740ccfc06') in 0.037681 seconds
Number of updated asset objects reloaded before import = 0
Number of asset objects unloaded after import = 2
========================================================================
Received Import Request.
  Time since last request: 0.000018 seconds.
  path: Assets/TextMesh Pro/Resources/Shaders/TMP_Bitmap.shader
  artifactKey: Guid(128e987d567d4e2c824d754223b3f3b0) Importer(2089858483,0ecaa5967403d082aa24f35e1b516d23)
Start importing Assets/TextMesh Pro/Resources/Shaders/TMP_Bitmap.shader using Guid(128e987d567d4e2c824d754223b3f3b0) Importer(2089858483,0ecaa5967403d082aa24f35e1b516d23)  -> (artifact id: '85b56d3a1ba31bbebbdadd63c59cab4f') in 0.013010 seconds
Number of updated asset objects reloaded before import = 0
Number of asset objects unloaded after import = 1
========================================================================
Received Import Request.
  Time since last request: 0.000020 seconds.
  path: Assets/TextMesh Pro/Resources/Shaders/TMP_SDF Overlay.shader
  artifactKey: Guid(dd89cf5b9246416f84610a006f916af7) Importer(2089858483,0ecaa5967403d082aa24f35e1b516d23)
Start importing Assets/TextMesh Pro/Resources/Shaders/TMP_SDF Overlay.shader using Guid(dd89cf5b9246416f84610a006f916af7) Importer(2089858483,0ecaa5967403d082aa24f35e1b516d23)  -> (artifact id: 'e18ac9319c37ce1637f85c051dc0bfd6') in 0.014078 seconds
Number of updated asset objects reloaded before import = 0
Number of asset objects unloaded after import = 1
========================================================================
Received Import Request.
  Time since last request: 0.000030 seconds.
  path: Assets/SpriteShaders/CGIncludes/SpriteShadows.cginc
  artifactKey: Guid(bde20bc58f176e443936f276b9c26eed) Importer(2089858483,0ecaa5967403d082aa24f35e1b516d23)
Start importing Assets/SpriteShaders/CGIncludes/SpriteShadows.cginc using Guid(bde20bc58f176e443936f276b9c26eed) Importer(2089858483,0ecaa5967403d082aa24f35e1b516d23)  -> (artifact id: '026efa25f3767c8dea02db7fa7ca4e67') in 0.013850 seconds
Number of updated asset objects reloaded before import = 0
Number of asset objects unloaded after import = 1
========================================================================
Received Import Request.
  Time since last request: 0.000015 seconds.
  path: Assets/TextMesh Pro/Resources/LineBreaking Following Characters.txt
  artifactKey: Guid(fade42e8bc714b018fac513c043d323b) Importer(2089858483,0ecaa5967403d082aa24f35e1b516d23)
Start importing Assets/TextMesh Pro/Resources/LineBreaking Following Characters.txt using Guid(fade42e8bc714b018fac513c043d323b) Importer(2089858483,0ecaa5967403d082aa24f35e1b516d23)  -> (artifact id: '49c377fbfe15fd9ca2f086331dce4b99') in 0.009495 seconds
Number of updated asset objects reloaded before import = 0
Number of asset objects unloaded after import = 1
========================================================================
Received Import Request.
  Time since last request: 0.000045 seconds.
  path: Assets/SpriteShaders/Editor/SpriteShaderGUI.cs
  artifactKey: Guid(21c8afca4ad38614db23b434894bf7d4) Importer(2089858483,0ecaa5967403d082aa24f35e1b516d23)
Start importing Assets/SpriteShaders/Editor/SpriteShaderGUI.cs using Guid(21c8afca4ad38614db23b434894bf7d4) Importer(2089858483,0ecaa5967403d082aa24f35e1b516d23)  -> (artifact id: '7dfb55b50dbb30c6103dccf9d1b27325') in 0.010922 seconds
Number of updated asset objects reloaded before import = 0
Number of asset objects unloaded after import = 1
========================================================================
Received Import Request.
  Time since last request: 0.000024 seconds.
  path: Assets/TextMesh Pro/Resources/Fonts & Materials/LiberationSans SDF - Fallback.asset
  artifactKey: Guid(2e498d1c8094910479dc3e1b768306a4) Importer(2089858483,0ecaa5967403d082aa24f35e1b516d23)
Start importing Assets/TextMesh Pro/Resources/Fonts & Materials/LiberationSans SDF - Fallback.asset using Guid(2e498d1c8094910479dc3e1b768306a4) Importer(2089858483,0ecaa5967403d082aa24f35e1b516d23)  -> (artifact id: '8b62b02004f81f5486fca87bd50fecaf') in 0.039814 seconds
Number of updated asset objects reloaded before import = 0
Number of asset objects unloaded after import = 5
========================================================================
Received Import Request.
  Time since last request: 0.000018 seconds.
  path: Assets/SpriteShaders/CGIncludes/Noise/SimplexNoise3D.hlsl
  artifactKey: Guid(4cd77edb9b4e00d44afb37e5b9cc9ce6) Importer(2089858483,0ecaa5967403d082aa24f35e1b516d23)
Start importing Assets/SpriteShaders/CGIncludes/Noise/SimplexNoise3D.hlsl using Guid(4cd77edb9b4e00d44afb37e5b9cc9ce6) Importer(2089858483,0ecaa5967403d082aa24f35e1b516d23)  -> (artifact id: '8895f85b198d42df7ee04411e213b4e0') in 0.010094 seconds
Number of updated asset objects reloaded before import = 0
Number of asset objects unloaded after import = 1
========================================================================
Received Import Request.
  Time since last request: 0.000021 seconds.
  path: Assets/Prefabs/Dun'/TB.prefab
  artifactKey: Guid(0c31457eebf9a2d4a972d7ccf023a560) Importer(2089858483,0ecaa5967403d082aa24f35e1b516d23)
Start importing Assets/Prefabs/Dun'/TB.prefab using Guid(0c31457eebf9a2d4a972d7ccf023a560) Importer(2089858483,0ecaa5967403d082aa24f35e1b516d23)  -> (artifact id: '7f1a5ea896c797e115e126ee6170c1f9') in 0.030587 seconds
Number of updated asset objects reloaded before import = 0
Number of asset objects unloaded after import = 209
========================================================================
Received Import Request.
  Time since last request: 0.000023 seconds.
  path: Assets/TextMesh Pro/Resources/Sprite Assets/EmojiOne.asset
  artifactKey: Guid(c41005c129ba4d66911b75229fd70b45) Importer(2089858483,0ecaa5967403d082aa24f35e1b516d23)
Start importing Assets/TextMesh Pro/Resources/Sprite Assets/EmojiOne.asset using Guid(c41005c129ba4d66911b75229fd70b45) Importer(2089858483,0ecaa5967403d082aa24f35e1b516d23)  -> (artifact id: 'c74f68c0f903a10e326d3e9d8fc9411a') in 0.014589 seconds
Number of updated asset objects reloaded before import = 0
Number of asset objects unloaded after import = 3
========================================================================
Received Import Request.
  Time since last request: 0.000021 seconds.
  path: Assets/Prefabs/Dun'/TR.prefab
  artifactKey: Guid(f19b4cd5436954c41adbd492ce5a8785) Importer(2089858483,0ecaa5967403d082aa24f35e1b516d23)
Start importing Assets/Prefabs/Dun'/TR.prefab using Guid(f19b4cd5436954c41adbd492ce5a8785) Importer(2089858483,0ecaa5967403d082aa24f35e1b516d23)  -> (artifact id: '44bee6e5acfe0bbacd37223698159985') in 0.025538 seconds
Number of updated asset objects reloaded before import = 0
Number of asset objects unloaded after import = 207
========================================================================
Received Import Request.
  Time since last request: 0.000016 seconds.
  path: Assets/Prefabs/Shield.prefab
  artifactKey: Guid(8039835f74c0de24fbdb2b842f784554) Importer(2089858483,0ecaa5967403d082aa24f35e1b516d23)
Start importing Assets/Prefabs/Shield.prefab using Guid(8039835f74c0de24fbdb2b842f784554) Importer(2089858483,0ecaa5967403d082aa24f35e1b516d23)  -> (artifact id: 'd9f820ea4349167d5d626a9d2a75c80f') in 0.015337 seconds
Number of updated asset objects reloaded before import = 0
Number of asset objects unloaded after import = 17
========================================================================
Received Import Request.
  Time since last request: 0.000019 seconds.
  path: Assets/SpriteShaders/CGIncludes/Noise/Noise2d.cginc
  artifactKey: Guid(f94fba2a64fa72c448040cd887a56315) Importer(2089858483,0ecaa5967403d082aa24f35e1b516d23)
Start importing Assets/SpriteShaders/CGIncludes/Noise/Noise2d.cginc using Guid(f94fba2a64fa72c448040cd887a56315) Importer(2089858483,0ecaa5967403d082aa24f35e1b516d23)  -> (artifact id: '1d2378a4c6f39d554b8b506435c725ce') in 0.015394 seconds
Number of updated asset objects reloaded before import = 0
Number of asset objects unloaded after import = 1
========================================================================
Received Import Request.
  Time since last request: 0.000018 seconds.
  path: Assets/Prefabs/Enemy 2 Death.prefab
  artifactKey: Guid(3d038f37f057ba349a4a02e0ba2ec88e) Importer(2089858483,0ecaa5967403d082aa24f35e1b516d23)
Start importing Assets/Prefabs/Enemy 2 Death.prefab using Guid(3d038f37f057ba349a4a02e0ba2ec88e) Importer(2089858483,0ecaa5967403d082aa24f35e1b516d23)  -> (artifact id: 'd9ec6cba336bb9de2225049cfc73b41c') in 0.033439 seconds
Number of updated asset objects reloaded before import = 0
Number of asset objects unloaded after import = 9
========================================================================
Received Import Request.
  Time since last request: 0.000022 seconds.
  path: Assets/Scenes/Menu.unity
  artifactKey: Guid(47c94ef97f49d8146a72f02cae3e5b7b) Importer(2089858483,0ecaa5967403d082aa24f35e1b516d23)
Start importing Assets/Scenes/Menu.unity using Guid(47c94ef97f49d8146a72f02cae3e5b7b) Importer(2089858483,0ecaa5967403d082aa24f35e1b516d23)  -> (artifact id: '8061bef10211fcf3077fc512780dee8e') in 0.007856 seconds
Number of updated asset objects reloaded before import = 0
Number of asset objects unloaded after import = 1
========================================================================
Received Import Request.
  Time since last request: 0.000042 seconds.
  path: Assets/Scripts/CoinDisplay.cs
  artifactKey: Guid(e657aa90f9430a74ab04a27535e15d07) Importer(2089858483,0ecaa5967403d082aa24f35e1b516d23)
Start importing Assets/Scripts/CoinDisplay.cs using Guid(e657aa90f9430a74ab04a27535e15d07) Importer(2089858483,0ecaa5967403d082aa24f35e1b516d23)  -> (artifact id: '6e2e647bf0b47e11e2b5a4682fc85d37') in 0.010870 seconds
Number of updated asset objects reloaded before import = 0
Number of asset objects unloaded after import = 1
========================================================================
Received Import Request.
  Time since last request: 0.000019 seconds.
  path: Assets/SpriteShaders/CGIncludes/SpriteLighting.cginc
  artifactKey: Guid(8a67be1acb3056e489e1bd9990b1fee6) Importer(2089858483,0ecaa5967403d082aa24f35e1b516d23)
Start importing Assets/SpriteShaders/CGIncludes/SpriteLighting.cginc using Guid(8a67be1acb3056e489e1bd9990b1fee6) Importer(2089858483,0ecaa5967403d082aa24f35e1b516d23)  -> (artifact id: '121433c9f72a2ec737c44aa736112ad7') in 0.015856 seconds
Number of updated asset objects reloaded before import = 0
Number of asset objects unloaded after import = 1
========================================================================
Received Import Request.
  Time since last request: 0.000017 seconds.
  path: Assets/TextMesh Pro/Resources/Shaders/TMP_SDF-Surface.shader
  artifactKey: Guid(f7ada0af4f174f0694ca6a487b8f543d) Importer(2089858483,0ecaa5967403d082aa24f35e1b516d23)
Start importing Assets/TextMesh Pro/Resources/Shaders/TMP_SDF-Surface.shader using Guid(f7ada0af4f174f0694ca6a487b8f543d) Importer(2089858483,0ecaa5967403d082aa24f35e1b516d23)  -> (artifact id: 'ee27e79e6934218fe76574dde1114cf3') in 0.012280 seconds
Number of updated asset objects reloaded before import = 0
Number of asset objects unloaded after import = 1
========================================================================
Received Import Request.
  Time since last request: 0.000018 seconds.
  path: Assets/SpriteShaders/CameraDepthTexture.shader
  artifactKey: Guid(ba92e110e5fea204b9e61a2addfb18a0) Importer(2089858483,0ecaa5967403d082aa24f35e1b516d23)
Start importing Assets/SpriteShaders/CameraDepthTexture.shader using Guid(ba92e110e5fea204b9e61a2addfb18a0) Importer(2089858483,0ecaa5967403d082aa24f35e1b516d23)  -> (artifact id: '1131400576f7945409597028c26ca933') in 0.013697 seconds
Number of updated asset objects reloaded before import = 0
Number of asset objects unloaded after import = 1
========================================================================
Received Import Request.
  Time since last request: 0.000014 seconds.
  path: Assets/Prefabs/Dun'/RB.prefab
  artifactKey: Guid(b3f2b155bf508e94cacdaa0c831817ee) Importer(2089858483,0ecaa5967403d082aa24f35e1b516d23)
Start importing Assets/Prefabs/Dun'/RB.prefab using Guid(b3f2b155bf508e94cacdaa0c831817ee) Importer(2089858483,0ecaa5967403d082aa24f35e1b516d23)  -> (artifact id: '5bb8fd0f38b9e121daeeab7ee352dbf1') in 0.027280 seconds
Number of updated asset objects reloaded before import = 0
Number of asset objects unloaded after import = 209
========================================================================
Received Import Request.
  Time since last request: 0.000015 seconds.
  path: Assets/Images/EmptyHeart.png
  artifactKey: Guid(21a26c6a38a431544913617de0b93972) Importer(2089858483,0ecaa5967403d082aa24f35e1b516d23)
Start importing Assets/Images/EmptyHeart.png using Guid(21a26c6a38a431544913617de0b93972) Importer(2089858483,0ecaa5967403d082aa24f35e1b516d23)  -> (artifact id: 'c2895f44633d3a9fb4d37054112c3264') in 0.033422 seconds
Number of updated asset objects reloaded before import = 0
Number of asset objects unloaded after import = 3
========================================================================
Received Import Request.
  Time since last request: 0.000016 seconds.
  path: Assets/Prefabs/Grenade.prefab
  artifactKey: Guid(bee6083a8266b104092edbb26065b828) Importer(2089858483,0ecaa5967403d082aa24f35e1b516d23)
Start importing Assets/Prefabs/Grenade.prefab using Guid(bee6083a8266b104092edbb26065b828) Importer(2089858483,0ecaa5967403d082aa24f35e1b516d23)  -> (artifact id: '0301e4bb0f5099c6f710453ed9d286b0') in 0.026728 seconds
Number of updated asset objects reloaded before import = 0
Number of asset objects unloaded after import = 10
========================================================================
Received Import Request.
  Time since last request: 0.000020 seconds.
  path: Assets/Scripts/Enemy2Movement.cs
  artifactKey: Guid(01cef6940ea56d044918ff2c7f83c439) Importer(2089858483,0ecaa5967403d082aa24f35e1b516d23)
Start importing Assets/Scripts/Enemy2Movement.cs using Guid(01cef6940ea56d044918ff2c7f83c439) Importer(2089858483,0ecaa5967403d082aa24f35e1b516d23)  -> (artifact id: '1e23ca977d3d052cf8a760ea50ea2d86') in 0.011458 seconds
Number of updated asset objects reloaded before import = 0
Number of asset objects unloaded after import = 1
========================================================================
Received Import Request.
  Time since last request: 0.000021 seconds.
  path: Assets/Materials/Effects.mat
  artifactKey: Guid(88e6da13f0c2d7748b578272185091c7) Importer(2089858483,0ecaa5967403d082aa24f35e1b516d23)
Start importing Assets/Materials/Effects.mat using Guid(88e6da13f0c2d7748b578272185091c7) Importer(2089858483,0ecaa5967403d082aa24f35e1b516d23)  -> (artifact id: 'c92375de1fb43005e63ce7de2bd27452') in 0.015370 seconds
Number of updated asset objects reloaded before import = 0
Number of asset objects unloaded after import = 1
========================================================================
Received Import Request.
  Time since last request: 0.000021 seconds.
  path: Assets/TextMesh Pro/Resources/Shaders/TMP_SDF.shader
  artifactKey: Guid(68e6db2ebdc24f95958faec2be5558d6) Importer(2089858483,0ecaa5967403d082aa24f35e1b516d23)
Start importing Assets/TextMesh Pro/Resources/Shaders/TMP_SDF.shader using Guid(68e6db2ebdc24f95958faec2be5558d6) Importer(2089858483,0ecaa5967403d082aa24f35e1b516d23)  -> (artifact id: '9abd9a575d115b1f1f3283db14975ea4') in 0.012441 seconds
Number of updated asset objects reloaded before import = 0
Number of asset objects unloaded after import = 1
========================================================================
Received Import Request.
  Time since last request: 0.000024 seconds.
  path: Assets/SpriteShaders/CGIncludes/ShaderMaths.cginc
  artifactKey: Guid(35d9df0a92db89346a17837b8365e8db) Importer(2089858483,0ecaa5967403d082aa24f35e1b516d23)
Start importing Assets/SpriteShaders/CGIncludes/ShaderMaths.cginc using Guid(35d9df0a92db89346a17837b8365e8db) Importer(2089858483,0ecaa5967403d082aa24f35e1b516d23)  -> (artifact id: '14ee9b98c0eba34df0724bd66c7d6e20') in 0.015651 seconds
Number of updated asset objects reloaded before import = 0
Number of asset objects unloaded after import = 1
========================================================================
Received Import Request.
  Time since last request: 0.000027 seconds.
  path: Assets/Images/Grenade.png
  artifactKey: Guid(46edd3cbea44d644bab24317053b8679) Importer(2089858483,0ecaa5967403d082aa24f35e1b516d23)
Start importing Assets/Images/Grenade.png using Guid(46edd3cbea44d644bab24317053b8679) Importer(2089858483,0ecaa5967403d082aa24f35e1b516d23)  -> (artifact id: 'e2027372ab9ce79b1fc40a026ee2cfae') in 0.023499 seconds
Number of updated asset objects reloaded before import = 0
Number of asset objects unloaded after import = 3
========================================================================
Received Import Request.
  Time since last request: 0.000022 seconds.
  path: Assets/Scripts/PlayerStats.cs
  artifactKey: Guid(a2500ea219d58a14c83251ee1076a04b) Importer(2089858483,0ecaa5967403d082aa24f35e1b516d23)
Start importing Assets/Scripts/PlayerStats.cs using Guid(a2500ea219d58a14c83251ee1076a04b) Importer(2089858483,0ecaa5967403d082aa24f35e1b516d23)  -> (artifact id: 'ca330763dc9d5c4dd6b00329575464b6') in 0.012663 seconds
Number of updated asset objects reloaded before import = 0
Number of asset objects unloaded after import = 1
========================================================================
Received Import Request.
  Time since last request: 0.000019 seconds.
  path: Assets/SpriteShaders/SpritesPixelLit.shader
  artifactKey: Guid(f1c332c0884ef2b4bb26584f688eac3a) Importer(2089858483,0ecaa5967403d082aa24f35e1b516d23)
Start importing Assets/SpriteShaders/SpritesPixelLit.shader using Guid(f1c332c0884ef2b4bb26584f688eac3a) Importer(2089858483,0ecaa5967403d082aa24f35e1b516d23)  -> (artifact id: '4028054bfcc8a22fbf0f6be48c95fe19') in 0.013423 seconds
Number of updated asset objects reloaded before import = 0
Number of asset objects unloaded after import = 1
========================================================================
Received Import Request.
  Time since last request: 0.000017 seconds.
  path: Assets/Scripts/PlayerBullet.cs
  artifactKey: Guid(fbfc0dbec201af2429215f376f6b480f) Importer(2089858483,0ecaa5967403d082aa24f35e1b516d23)
Start importing Assets/Scripts/PlayerBullet.cs using Guid(fbfc0dbec201af2429215f376f6b480f) Importer(2089858483,0ecaa5967403d082aa24f35e1b516d23)  -> (artifact id: '292f09f1f7215309d2298e4eed8e89dc') in 0.010665 seconds
Number of updated asset objects reloaded before import = 0
Number of asset objects unloaded after import = 1
========================================================================
Received Prepare
Begin MonoManager ReloadAssembly
- Loaded All Assemblies, in  0.448 seconds
Refreshing native plugins compatible for Editor in 1.65 ms, found 2 plugins.
Native extension for WindowsStandalone target not found
Native extension for Android target not found
Native extension for WebGL target not found
[Package Manager] Server::EnsureServerProcessIsRunning -- launch failed, reason: Unity was launched with the -noUpm command-line argument
[Package Manager] UpmClient::Send -- Unable to send message (not connected to UPM process).
[Package Manager] Cannot connect to Unity Package Manager local server
Mono: successfully reloaded assembly
- Finished resetting the current domain, in  0.719 seconds
Domain Reload Profiling: 1165ms
	BeginReloadAssembly (225ms)
		ExecutionOrderSort (0ms)
		DisableScriptedObjects (6ms)
		BackupInstance (0ms)
		ReleaseScriptingObjects (0ms)
		CreateAndSetChildDomain (27ms)
	RebuildCommonClasses (38ms)
	RebuildNativeTypeToScriptingClass (11ms)
	initialDomainReloadingComplete (28ms)
	LoadAllAssembliesAndSetupDomain (142ms)
		LoadAssemblies (201ms)
		RebuildTransferFunctionScriptingTraits (0ms)
		AnalyzeDomain (16ms)
			TypeCache.Refresh (6ms)
				TypeCache.ScanAssembly (0ms)
			ScanForSourceGeneratedMonoScriptInfo (6ms)
			ResolveRequiredComponents (3ms)
	FinalizeReload (720ms)
		ReleaseScriptCaches (0ms)
		RebuildScriptCaches (0ms)
		SetupLoadedEditorAssemblies (401ms)
			LogAssemblyErrors (0ms)
			InitializePlatformSupportModulesInManaged (28ms)
			SetLoadedEditorAssemblies (3ms)
			RefreshPlugins (0ms)
			BeforeProcessingInitializeOnLoad (54ms)
			ProcessInitializeOnLoadAttributes (279ms)
			ProcessInitializeOnLoadMethodAttributes (28ms)
			AfterProcessingInitializeOnLoad (7ms)
			EditorAssembliesLoaded (0ms)
		ExecutionOrderSort2 (0ms)
		AwakeInstancesAfterBackupRestoration (7ms)
Refreshing native plugins compatible for Editor in 1.58 ms, found 2 plugins.
Preloading 0 native plugins for Editor in 0.00 ms.
Unloading 1668 Unused Serialized files (Serialized files now loaded: 0)
Unloading 32 unused Assets / (1.8 MB). Loaded Objects now: 2195.
Memory consumption went from 104.4 MB to 102.7 MB.
Total: 2.880500 ms (FindLiveObjects: 0.167100 ms CreateObjectMapping: 0.048100 ms MarkObjects: 2.262400 ms  DeleteObjects: 0.401700 ms)

Prepare: number of updated asset objects reloaded= 0
AssetImportParameters requested are different than current active one (requested -> active):
  custom:video-decoder-webm-vp8: 9c59270c3fd7afecdb556c50c9e8de78 -> 
  custom:SearchIndexIgnoredProperties: e643bd26f0fe6173181afceb89e7c659 -> 
  custom:container-demuxer-ogg: 62fdf1f143b41e24485cea50d1cbac27 -> 
  custom:AudioImporter_EditorPlatform: d09bf68614088b80899f8185d706f6e7 -> 
  custom:video-decoder-ogg-theora: a1e56fd34408186e4bbccfd4996cb3dc -> 
  custom:framework-win-MediaFoundation: 216162199b28c13a410421893ffa2e32 -> 
  custom:video-encoder-webm-vp8: eb34c28f22e8b96e1ab97ce403110664 -> 
  custom:audio-decoder-ogg-vorbis: bf7c407c2cedff20999df2af8eb42d56 -> 
  custom:CustomObjectIndexerAttribute: 9a22284fe3817be447336de3de66b15e -> 
  custom:container-demuxer-webm: 4f35f7cbe854078d1ac9338744f61a02 -> 
  custom:audio-encoder-webm-vorbis: bf7c407c2cedff20999df2af8eb42d56 -> 
  custom:container-muxer-webm: aa71ff27fc2769a1b78a27578f13a17b -> 
========================================================================
Received Prepare
Begin MonoManager ReloadAssembly
- Loaded All Assemblies, in  0.412 seconds
Refreshing native plugins compatible for Editor in 1.77 ms, found 2 plugins.
Native extension for WindowsStandalone target not found
Native extension for Android target not found
Native extension for WebGL target not found
[Package Manager] Server::EnsureServerProcessIsRunning -- launch failed, reason: Unity was launched with the -noUpm command-line argument
[Package Manager] UpmClient::Send -- Unable to send message (not connected to UPM process).
[Package Manager] Cannot connect to Unity Package Manager local server
Mono: successfully reloaded assembly
- Finished resetting the current domain, in  0.640 seconds
Domain Reload Profiling: 1051ms
	BeginReloadAssembly (213ms)
		ExecutionOrderSort (0ms)
		DisableScriptedObjects (6ms)
		BackupInstance (0ms)
		ReleaseScriptingObjects (0ms)
		CreateAndSetChildDomain (25ms)
	RebuildCommonClasses (31ms)
	RebuildNativeTypeToScriptingClass (11ms)
	initialDomainReloadingComplete (24ms)
	LoadAllAssembliesAndSetupDomain (131ms)
		LoadAssemblies (193ms)
		RebuildTransferFunctionScriptingTraits (0ms)
		AnalyzeDomain (11ms)
			TypeCache.Refresh (5ms)
				TypeCache.ScanAssembly (0ms)
			ScanForSourceGeneratedMonoScriptInfo (0ms)
			ResolveRequiredComponents (4ms)
	FinalizeReload (640ms)
		ReleaseScriptCaches (0ms)
		RebuildScriptCaches (0ms)
		SetupLoadedEditorAssemblies (329ms)
			LogAssemblyErrors (0ms)
			InitializePlatformSupportModulesInManaged (23ms)
			SetLoadedEditorAssemblies (2ms)
			RefreshPlugins (0ms)
			BeforeProcessingInitializeOnLoad (44ms)
			ProcessInitializeOnLoadAttributes (232ms)
			ProcessInitializeOnLoadMethodAttributes (21ms)
			AfterProcessingInitializeOnLoad (7ms)
			EditorAssembliesLoaded (0ms)
		ExecutionOrderSort2 (0ms)
		AwakeInstancesAfterBackupRestoration (7ms)
Refreshing native plugins compatible for Editor in 1.62 ms, found 2 plugins.
Preloading 0 native plugins for Editor in 0.00 ms.
Unloading 1668 Unused Serialized files (Serialized files now loaded: 0)
Unloading 32 unused Assets / (1.8 MB). Loaded Objects now: 2198.
Memory consumption went from 106.4 MB to 104.6 MB.
Total: 2.812800 ms (FindLiveObjects: 0.213300 ms CreateObjectMapping: 0.047700 ms MarkObjects: 2.212300 ms  DeleteObjects: 0.338400 ms)

Prepare: number of updated asset objects reloaded= 0
AssetImportParameters requested are different than current active one (requested -> active):
  custom:video-decoder-webm-vp8: 9c59270c3fd7afecdb556c50c9e8de78 -> 
  custom:SearchIndexIgnoredProperties: e643bd26f0fe6173181afceb89e7c659 -> 
  custom:container-demuxer-ogg: 62fdf1f143b41e24485cea50d1cbac27 -> 
  custom:AudioImporter_EditorPlatform: d09bf68614088b80899f8185d706f6e7 -> 
  custom:video-decoder-ogg-theora: a1e56fd34408186e4bbccfd4996cb3dc -> 
  custom:framework-win-MediaFoundation: 216162199b28c13a410421893ffa2e32 -> 
  custom:video-encoder-webm-vp8: eb34c28f22e8b96e1ab97ce403110664 -> 
  custom:audio-decoder-ogg-vorbis: bf7c407c2cedff20999df2af8eb42d56 -> 
  custom:CustomObjectIndexerAttribute: 9a22284fe3817be447336de3de66b15e -> 
  custom:container-demuxer-webm: 4f35f7cbe854078d1ac9338744f61a02 -> 
  custom:audio-encoder-webm-vorbis: bf7c407c2cedff20999df2af8eb42d56 -> 
  custom:container-muxer-webm: aa71ff27fc2769a1b78a27578f13a17b -> 
========================================================================
Received Prepare
Begin MonoManager ReloadAssembly
- Loaded All Assemblies, in  0.521 seconds
Refreshing native plugins compatible for Editor in 1.62 ms, found 2 plugins.
Native extension for WindowsStandalone target not found
Native extension for Android target not found
Native extension for WebGL target not found
[Package Manager] Server::EnsureServerProcessIsRunning -- launch failed, reason: Unity was launched with the -noUpm command-line argument
[Package Manager] UpmClient::Send -- Unable to send message (not connected to UPM process).
[Package Manager] Cannot connect to Unity Package Manager local server
Mono: successfully reloaded assembly
- Finished resetting the current domain, in  0.743 seconds
Domain Reload Profiling: 1261ms
	BeginReloadAssembly (244ms)
		ExecutionOrderSort (0ms)
		DisableScriptedObjects (7ms)
		BackupInstance (0ms)
		ReleaseScriptingObjects (0ms)
		CreateAndSetChildDomain (35ms)
	RebuildCommonClasses (46ms)
	RebuildNativeTypeToScriptingClass (17ms)
	initialDomainReloadingComplete (39ms)
	LoadAllAssembliesAndSetupDomain (171ms)
		LoadAssemblies (240ms)
		RebuildTransferFunctionScriptingTraits (0ms)
		AnalyzeDomain (8ms)
			TypeCache.Refresh (4ms)
				TypeCache.ScanAssembly (0ms)
			ScanForSourceGeneratedMonoScriptInfo (0ms)
			ResolveRequiredComponents (3ms)
	FinalizeReload (744ms)
		ReleaseScriptCaches (0ms)
		RebuildScriptCaches (0ms)
		SetupLoadedEditorAssemblies (404ms)
			LogAssemblyErrors (0ms)
			InitializePlatformSupportModulesInManaged (33ms)
			SetLoadedEditorAssemblies (4ms)
			RefreshPlugins (0ms)
			BeforeProcessingInitializeOnLoad (58ms)
			ProcessInitializeOnLoadAttributes (272ms)
			ProcessInitializeOnLoadMethodAttributes (27ms)
			AfterProcessingInitializeOnLoad (10ms)
			EditorAssembliesLoaded (0ms)
		ExecutionOrderSort2 (0ms)
		AwakeInstancesAfterBackupRestoration (8ms)
Refreshing native plugins compatible for Editor in 1.62 ms, found 2 plugins.
Preloading 0 native plugins for Editor in 0.00 ms.
Unloading 1668 Unused Serialized files (Serialized files now loaded: 0)
Unloading 32 unused Assets / (1.8 MB). Loaded Objects now: 2201.
Memory consumption went from 108.3 MB to 106.5 MB.
Total: 3.398700 ms (FindLiveObjects: 0.199200 ms CreateObjectMapping: 0.047200 ms MarkObjects: 2.794300 ms  DeleteObjects: 0.357000 ms)

Prepare: number of updated asset objects reloaded= 0
AssetImportParameters requested are different than current active one (requested -> active):
  custom:video-decoder-webm-vp8: 9c59270c3fd7afecdb556c50c9e8de78 -> 
  custom:SearchIndexIgnoredProperties: e643bd26f0fe6173181afceb89e7c659 -> 
  custom:container-demuxer-ogg: 62fdf1f143b41e24485cea50d1cbac27 -> 
  custom:AudioImporter_EditorPlatform: d09bf68614088b80899f8185d706f6e7 -> 
  custom:video-decoder-ogg-theora: a1e56fd34408186e4bbccfd4996cb3dc -> 
  custom:framework-win-MediaFoundation: 216162199b28c13a410421893ffa2e32 -> 
  custom:video-encoder-webm-vp8: eb34c28f22e8b96e1ab97ce403110664 -> 
  custom:audio-decoder-ogg-vorbis: bf7c407c2cedff20999df2af8eb42d56 -> 
  custom:CustomObjectIndexerAttribute: 9a22284fe3817be447336de3de66b15e -> 
  custom:container-demuxer-webm: 4f35f7cbe854078d1ac9338744f61a02 -> 
  custom:audio-encoder-webm-vorbis: bf7c407c2cedff20999df2af8eb42d56 -> 
  custom:container-muxer-webm: aa71ff27fc2769a1b78a27578f13a17b -> 
